[13:31:54] [Server thread/INFO]: Starting minecraft server version 1.10.2
[13:31:59] [Server thread/ERROR]: Encountered an unexpected exception
java.lang.NoSuchMethodError: net.minecraft.block.BlockFlower$EnumFlowerType.func_176966_a(Lnet/minecraft/block/BlockFlower$EnumFlowerColor;)[Lnet/minecraft/block/BlockFlower$EnumFlowerType;
	at twilightforest.biomes.TFBiomeEnchantedForest.addDefaultFlowers(TFBiomeEnchantedForest.java:152) ~[TFBiomeEnchantedForest.class:?]
	at net.minecraft.world.biome.Biome.<init>(Biome.java:135) ~[aiq.class:?]
	at twilightforest.biomes.TFBiomeBase.<init>(TFBiomeBase.java:48) ~[TFBiomeBase.class:?]
	at twilightforest.biomes.TFBiomeEnchantedForest.<init>(TFBiomeEnchantedForest.java:32) ~[TFBiomeEnchantedForest.class:?]
	at twilightforest.biomes.RegistryBiomeEvent.onRegisterBiomes(RegistryBiomeEvent.java:183) ~[RegistryBiomeEvent.class:?]
	at net.minecraftforge.fml.common.eventhandler.ASMEventHandler_1_RegistryBiomeEvent_onRegisterBiomes_Register.invoke(.dynamic) ~[?:?]
	at net.minecraftforge.fml.common.eventhandler.ASMEventHandler.invoke(ASMEventHandler.java:90) ~[ASMEventHandler.class:?]
	at net.minecraftforge.fml.common.eventhandler.EventBus$1.invoke(EventBus.java:144) ~[EventBus$1.class:?]
	at net.minecraftforge.fml.common.eventhandler.EventBus.post(EventBus.java:141) ~[EventBus.class:?]
	at net.minecraftforge.fml.common.eventhandler.EventBus.post(EventBus.java:93) ~[EventBus.class:?]
	at net.minecraftforge.fml.common.registry.PersistentRegistryManager.fireRegistryEvent(PersistentRegistryManager.java:98) ~[PersistentRegistryManager.class:?]
	at net.minecraftforge.fml.common.registry.PersistentRegistryManager.fireRegistryEvents(PersistentRegistryManager.java:91) ~[PersistentRegistryManager.class:?]
	at net.minecraftforge.fml.common.Loader.preinitializeMods(Loader.java:612) ~[Loader.class:?]
	at net.minecraftforge.fml.server.FMLServerHandler.beginServerLoading(FMLServerHandler.java:98) ~[FMLServerHandler.class:?]
	at net.minecraftforge.fml.common.FMLCommonHandler.onServerStart(FMLCommonHandler.java:328) ~[FMLCommonHandler.class:?]
	at net.minecraft.server.dedicated.DedicatedServer.func_71197_b(DedicatedServer.java:121) ~[ld.class:?]
	at net.minecraft.server.MinecraftServer.run(MinecraftServer.java:431) [MinecraftServer.class:?]
	at java.lang.Thread.run(Unknown Source) [?:1.8.0_171]
[13:31:59] [Server thread/ERROR]: This crash report has been saved to: G:\Server\stt server project to bh1.2 for 1.10.2\.\crash-reports\crash-2018-08-04_13.31.59-server.txt
[13:31:59] [Server thread/INFO]: Stopping server
[13:31:59] [Server thread/INFO]: Saving worlds
