[09七月2020 17:52:13.109] [main/INFO] [cpw.mods.modlauncher.Launcher/MODLAUNCHER]: ModLauncher running: args [--username, 123, --version, HMCL 3.3.172, --gameDir, E:\STT工业整合验证客户端1.15.2-4.0.5023 Build-10230 forge1.16.1test\.minecraft, --assetsDir, E:\STT工业整合验证客户端1.15.2-4.0.5023 Build-10230 forge1.16.1test\.minecraft\assets, --assetIndex, 1.15, --uuid, 75f41576c9ae3be19e5af6091a7fa867, --accessToken, ????????, --userType, mojang, --versionType, HMCL 3.3.172, --width, 854, --height, 480, --tweakClass, optifine.OptiFineTweaker, --launchTarget, fmlclient, --fml.forgeVersion, 31.2.31, --fml.mcVersion, 1.15.2, --fml.forgeGroup, net.minecraftforge, --fml.mcpVersion, 20200515.085601]
[09七月2020 17:52:13.113] [main/INFO] [cpw.mods.modlauncher.Launcher/MODLAUNCHER]: ModLauncher 5.1.0+69+master.79f13f7 starting: java version 1.8.0_251 by Oracle Corporation
[09七月2020 17:52:13.192] [main/INFO] [optifine.OptiFineTransformationService/]: OptiFineTransformationService.onLoad
[09七月2020 17:52:13.193] [main/INFO] [optifine.OptiFineTransformationService/]: OptiFine ZIP file: E:\STT工业整合验证客户端1.15.2-4.0.5023 Build-10230 forge1.16.1test\.minecraft\libraries\optifine\OptiFine\1.15.2_HD_U_G1_pre10\OptiFine-1.15.2_HD_U_G1_pre10.jar
[09七月2020 17:52:13.571] [main/INFO] [net.minecraftforge.fml.loading.FixSSL/CORE]: Added Lets Encrypt root certificates as additional trust
[09七月2020 17:52:13.582] [main/INFO] [optifine.OptiFineTransformationService/]: OptiFineTransformationService.initialize
[09七月2020 17:52:15.161] [main/INFO] [optifine.OptiFineTransformationService/]: OptiFineTransformationService.transformers
[09七月2020 17:52:15.174] [main/INFO] [optifine.OptiFineTransformer/]: Targets: 275
[09七月2020 17:52:15.507] [main/INFO] [optifine.OptiFineTransformationService/]: additionalClassesLocator: [optifine., net.optifine.]
[09七月2020 17:52:15.515] [main/INFO] [cpw.mods.modlauncher.LaunchServiceHandler/MODLAUNCHER]: Launching target 'fmlclient' with arguments [--version, HMCL 3.3.172, --gameDir, E:\STT工业整合验证客户端1.15.2-4.0.5023 Build-10230 forge1.16.1test\.minecraft, --assetsDir, E:\STT工业整合验证客户端1.15.2-4.0.5023 Build-10230 forge1.16.1test\.minecraft\assets, --uuid, 75f41576c9ae3be19e5af6091a7fa867, --username, 123, --assetIndex, 1.15, --accessToken, ????????, --userType, mojang, --versionType, HMCL 3.3.172, --width, 854, --height, 480, --tweakClass, optifine.OptiFineTweaker]
[09七月2020 17:52:15.693] [main/INFO] [STDOUT/]: [net.minecraft.client.main.Main:main:79]: Completely ignored arguments: [--tweakClass, optifine.OptiFineTweaker]
[09七月2020 17:52:15.964] [main/INFO] [net.optifine.reflect.Reflector/]: [OptiFine] *** Reflector Forge ***
[09七月2020 17:52:15.967] [main/INFO] [net.optifine.Log/]: [OptiFine] (Reflector) Class not present: mods.betterfoliage.client.BetterFoliageClient
[09七月2020 17:52:16.563] [main/INFO] [net.optifine.Log/]: [OptiFine] (Reflector) Constructor not present: net.minecraftforge.client.event.EntityViewRenderEvent$FogColors, params: class net.minecraft.client.renderer.FogRenderer, class net.minecraft.client.renderer.GameRenderer, class net.minecraft.client.renderer.ActiveRenderInfo, double, float, float, float
[09七月2020 17:52:16.577] [main/INFO] [net.optifine.Log/]: [OptiFine] (Reflector) Constructor not present: net.minecraftforge.client.event.EntityViewRenderEvent$RenderFogEvent, params: class net.minecraft.client.renderer.FogRenderer, class net.minecraft.client.renderer.GameRenderer, class net.minecraft.client.renderer.ActiveRenderInfo, double, int, float
[09七月2020 17:52:17.549] [main/INFO] [STDERR/]: [net.optifine.reflect.ReflectorClass:getTargetClass:57]: java.lang.ExceptionInInitializerError
[09七月2020 17:52:17.549] [main/INFO] [STDERR/]: [net.optifine.reflect.ReflectorClass:getTargetClass:57]: 	at net.minecraftforge.registries.NamespacedDefaultedWrapper$Factory.onCreate(NamespacedDefaultedWrapper.java:154)
[09七月2020 17:52:17.549] [main/INFO] [STDERR/]: [net.optifine.reflect.ReflectorClass:getTargetClass:57]: 	at net.minecraftforge.registries.RegistryBuilder.lambda$getCreate$2(RegistryBuilder.java:263)
[09七月2020 17:52:17.549] [main/INFO] [STDERR/]: [net.optifine.reflect.ReflectorClass:getTargetClass:57]: 	at net.minecraftforge.registries.ForgeRegistry.<init>(ForgeRegistry.java:127)
[09七月2020 17:52:17.549] [main/INFO] [STDERR/]: [net.optifine.reflect.ReflectorClass:getTargetClass:57]: 	at net.minecraftforge.registries.RegistryManager.createRegistry(RegistryManager.java:134)
[09七月2020 17:52:17.549] [main/INFO] [STDERR/]: [net.optifine.reflect.ReflectorClass:getTargetClass:57]: 	at net.minecraftforge.registries.RegistryBuilder.create(RegistryBuilder.java:219)
[09七月2020 17:52:17.550] [main/INFO] [STDERR/]: [net.optifine.reflect.ReflectorClass:getTargetClass:57]: 	at net.minecraftforge.registries.GameData.init(GameData.java:185)
[09七月2020 17:52:17.550] [main/INFO] [STDERR/]: [net.optifine.reflect.ReflectorClass:getTargetClass:57]: 	at net.minecraftforge.registries.GameData.<clinit>(GameData.java:169)
[09七月2020 17:52:17.550] [main/INFO] [STDERR/]: [net.optifine.reflect.ReflectorClass:getTargetClass:57]: 	at net.minecraft.block.Block.<clinit>(Block.java:81)
[09七月2020 17:52:17.550] [main/INFO] [STDERR/]: [net.optifine.reflect.ReflectorClass:getTargetClass:57]: 	at net.minecraft.block.Blocks.<clinit>(Blocks.java:19)
[09七月2020 17:52:17.550] [main/INFO] [STDERR/]: [net.optifine.reflect.ReflectorClass:getTargetClass:57]: 	at net.minecraft.item.Items.<clinit>(Items.java:17)
[09七月2020 17:52:17.550] [main/INFO] [STDERR/]: [net.optifine.reflect.ReflectorClass:getTargetClass:57]: 	at net.minecraft.client.renderer.ItemRenderer.<clinit>(ItemRenderer.java:56)
[09七月2020 17:52:17.550] [main/INFO] [STDERR/]: [net.optifine.reflect.ReflectorClass:getTargetClass:57]: 	at net.minecraft.client.renderer.RenderType.<clinit>(RenderType.java:35)
[09七月2020 17:52:17.551] [main/INFO] [STDERR/]: [net.optifine.reflect.ReflectorClass:getTargetClass:57]: 	at net.optifine.render.RenderTypes.<clinit>(RenderTypes.java:13)
[09七月2020 17:52:17.551] [main/INFO] [STDERR/]: [net.optifine.reflect.ReflectorClass:getTargetClass:57]: 	at net.minecraft.client.renderer.BlockModelRenderer.<clinit>(BlockModelRenderer.java:58)
[09七月2020 17:52:17.551] [main/INFO] [STDERR/]: [net.optifine.reflect.ReflectorClass:getTargetClass:57]: 	at java.lang.Class.forName0(Native Method)
[09七月2020 17:52:17.551] [main/INFO] [STDERR/]: [net.optifine.reflect.ReflectorClass:getTargetClass:57]: 	at java.lang.Class.forName(Unknown Source)
[09七月2020 17:52:17.551] [main/INFO] [STDERR/]: [net.optifine.reflect.ReflectorClass:getTargetClass:57]: 	at net.optifine.reflect.ReflectorClass.getTargetClass(ReflectorClass.java:49)
[09七月2020 17:52:17.551] [main/INFO] [STDERR/]: [net.optifine.reflect.ReflectorClass:getTargetClass:57]: 	at net.optifine.reflect.ReflectorClass.<init>(ReflectorClass.java:28)
[09七月2020 17:52:17.551] [main/INFO] [STDERR/]: [net.optifine.reflect.ReflectorClass:getTargetClass:57]: 	at net.optifine.reflect.ReflectorClass.<init>(ReflectorClass.java:18)
[09七月2020 17:52:17.551] [main/INFO] [STDERR/]: [net.optifine.reflect.ReflectorClass:getTargetClass:57]: 	at net.optifine.reflect.Reflector.<clinit>(Reflector.java:211)
[09七月2020 17:52:17.632] [main/INFO] [STDERR/]: [net.optifine.reflect.ReflectorClass:getTargetClass:57]: 	at net.minecraft.crash.CrashReport.func_71504_g(CrashReport.java:101)
[09七月2020 17:52:17.634] [main/INFO] [STDERR/]: [net.optifine.reflect.ReflectorClass:getTargetClass:57]: 	at net.minecraft.crash.CrashReport.<init>(CrashReport.java:54)
[09七月2020 17:52:17.643] [main/INFO] [STDERR/]: [net.optifine.reflect.ReflectorClass:getTargetClass:57]: 	at net.minecraft.crash.CrashReport.func_230188_h_(CrashReport.java:414)
[09七月2020 17:52:17.643] [main/INFO] [STDERR/]: [net.optifine.reflect.ReflectorClass:getTargetClass:57]: 	at net.minecraft.client.main.Main.main(SourceFile:129)
[09七月2020 17:52:17.643] [main/INFO] [STDERR/]: [net.optifine.reflect.ReflectorClass:getTargetClass:57]: 	at sun.reflect.NativeMethodAccessorImpl.invoke0(Native Method)
[09七月2020 17:52:17.643] [main/INFO] [STDERR/]: [net.optifine.reflect.ReflectorClass:getTargetClass:57]: 	at sun.reflect.NativeMethodAccessorImpl.invoke(Unknown Source)
[09七月2020 17:52:17.643] [main/INFO] [STDERR/]: [net.optifine.reflect.ReflectorClass:getTargetClass:57]: 	at sun.reflect.DelegatingMethodAccessorImpl.invoke(Unknown Source)
[09七月2020 17:52:17.643] [main/INFO] [STDERR/]: [net.optifine.reflect.ReflectorClass:getTargetClass:57]: 	at java.lang.reflect.Method.invoke(Unknown Source)
[09七月2020 17:52:17.644] [main/INFO] [STDERR/]: [net.optifine.reflect.ReflectorClass:getTargetClass:57]: 	at net.minecraftforge.fml.loading.FMLClientLaunchProvider.lambda$launchService$0(FMLClientLaunchProvider.java:51)
[09七月2020 17:52:17.644] [main/INFO] [STDERR/]: [net.optifine.reflect.ReflectorClass:getTargetClass:57]: 	at cpw.mods.modlauncher.LaunchServiceHandlerDecorator.launch(LaunchServiceHandlerDecorator.java:37)
[09七月2020 17:52:17.644] [main/INFO] [STDERR/]: [net.optifine.reflect.ReflectorClass:getTargetClass:57]: 	at cpw.mods.modlauncher.LaunchServiceHandler.launch(LaunchServiceHandler.java:54)
[09七月2020 17:52:17.644] [main/INFO] [STDERR/]: [net.optifine.reflect.ReflectorClass:getTargetClass:57]: 	at cpw.mods.modlauncher.LaunchServiceHandler.launch(LaunchServiceHandler.java:72)
[09七月2020 17:52:17.644] [main/INFO] [STDERR/]: [net.optifine.reflect.ReflectorClass:getTargetClass:57]: 	at cpw.mods.modlauncher.Launcher.run(Launcher.java:81)
[09七月2020 17:52:17.644] [main/INFO] [STDERR/]: [net.optifine.reflect.ReflectorClass:getTargetClass:57]: 	at cpw.mods.modlauncher.Launcher.main(Launcher.java:65)
[09七月2020 17:52:17.644] [main/INFO] [STDERR/]: [java.lang.Throwable:printStackTrace:-1]: Caused by: java.lang.NullPointerException: Attempted to get vanilla wrapper for unknown registry: class net.minecraft.util.SoundEvent
[09七月2020 17:52:17.644] [main/INFO] [STDERR/]: [java.lang.Throwable:printStackTrace:-1]: 	at org.apache.commons.lang3.Validate.notNull(Validate.java:225)
[09七月2020 17:52:17.645] [main/INFO] [STDERR/]: [java.lang.Throwable:printStackTrace:-1]: 	at net.minecraftforge.registries.GameData.getWrapper(GameData.java:254)
[09七月2020 17:52:17.645] [main/INFO] [STDERR/]: [java.lang.Throwable:printStackTrace:-1]: 	at net.minecraft.util.registry.Registry.forge(Registry.java:252)
[09七月2020 17:52:17.645] [main/INFO] [STDERR/]: [java.lang.Throwable:printStackTrace:-1]: 	at net.minecraft.util.registry.Registry.<clinit>(Registry.java:81)
[09七月2020 17:52:17.645] [main/INFO] [STDERR/]: [java.lang.Throwable:printStackTrace:-1]: 	... 34 more
[09七月2020 17:52:17.670] [main/INFO] [net.optifine.Log/]: [OptiFine] (Reflector) Method not present: net.minecraftforge.common.extensions.IForgeBlockState.getLightValue
[09七月2020 17:52:19.401] [main/INFO] [net.optifine.Log/]: [OptiFine] (Reflector) Method not present: net.minecraftforge.client.ForgeHooksClient.applyTransform
[09七月2020 17:52:19.401] [main/INFO] [net.optifine.Log/]: [OptiFine] (Reflector) Method not present: net.minecraftforge.client.ForgeHooksClient.applyUVLock
[09七月2020 17:52:19.401] [main/WARN] [net.optifine.Log/]: [OptiFine] (Reflector) More than one method found: net.minecraftforge.client.ForgeHooksClient.dispatchRenderLast
[09七月2020 17:52:19.401] [main/WARN] [net.optifine.Log/]: [OptiFine] (Reflector)  - public static void net.minecraftforge.client.ForgeHooksClient.dispatchRenderLast(net.minecraft.client.renderer.WorldRenderer,com.mojang.blaze3d.matrix.MatrixStack,float,net.minecraft.client.renderer.Matrix4f,long)
[09七月2020 17:52:19.402] [main/WARN] [net.optifine.Log/]: [OptiFine] (Reflector)  - public static void net.minecraftforge.client.ForgeHooksClient.dispatchRenderLast(net.minecraft.client.renderer.WorldRenderer,com.mojang.blaze3d.matrix.MatrixStack,float)
[09七月2020 17:52:19.402] [main/INFO] [net.optifine.Log/]: [OptiFine] (Reflector) Method not present: net.minecraftforge.client.ForgeHooksClient.getDamageModel
[09七月2020 17:52:19.402] [main/INFO] [net.optifine.Log/]: [OptiFine] (Reflector) Method not present: net.minecraftforge.client.ForgeHooksClient.getMatrix
[09七月2020 17:52:19.402] [main/INFO] [net.optifine.Log/]: [OptiFine] (Reflector) Method not present: net.minecraftforge.client.ForgeHooksClient.putQuadColor
[09七月2020 17:52:19.402] [main/INFO] [net.optifine.Log/]: [OptiFine] (Reflector) Method not present: net.minecraftforge.client.ForgeHooksClient.renderFirstPersonHand
[09七月2020 17:52:19.402] [main/INFO] [net.optifine.Log/]: [OptiFine] (Reflector) Method not present: net.minecraftforge.client.ForgeHooksClient.renderLitItem
[09七月2020 17:52:19.403] [main/INFO] [net.optifine.Log/]: [OptiFine] (Reflector) Method not present: net.minecraftforge.client.ForgeHooksClient.transform
[09七月2020 17:52:19.445] [main/INFO] [net.optifine.Log/]: [OptiFine] (Reflector) Field not present: net.minecraftforge.common.ForgeConfig$Client.allowEmissiveItems
[09七月2020 17:52:19.448] [main/INFO] [net.optifine.Log/]: [OptiFine] (Reflector) Method not present: net.minecraftforge.common.extensions.IForgeItem.getTileEntityItemStackRenderer
[09七月2020 17:52:19.455] [main/INFO] [net.optifine.Log/]: [OptiFine] (Reflector) Class not present: net.minecraftforge.client.model.IModel
[09七月2020 17:52:19.473] [main/INFO] [net.optifine.Log/]: [OptiFine] (Reflector) Field not present: net.minecraftforge.common.ForgeMod.forgeLightPipelineEnabled
[09七月2020 17:52:19.477] [main/INFO] [net.optifine.Log/]: [OptiFine] (Reflector) Method not present: net.minecraft.client.renderer.model.BlockModelDefinition.fromJson
[09七月2020 17:52:19.498] [main/INFO] [net.optifine.Log/]: [OptiFine] (Reflector) Method not present: net.minecraft.client.renderer.vertex.VertexFormatElement$Usage.preDraw
[09七月2020 17:52:19.498] [main/INFO] [net.optifine.Log/]: [OptiFine] (Reflector) Method not present: net.minecraft.client.renderer.vertex.VertexFormatElement$Usage.postDraw
[09七月2020 17:52:19.506] [main/INFO] [net.optifine.Log/]: [OptiFine] (Reflector) Field not found: World.tileEntitiesToBeRemoved
[09七月2020 17:52:19.528] [main/INFO] [net.optifine.Log/]: [OptiFine] (Reflector) Class not present: net.minecraftforge.fml.client.gui.GuiModList
[09七月2020 17:52:19.552] [main/INFO] [net.optifine.Log/]: [OptiFine] (Reflector) Class not present: net.minecraft.launchwrapper.Launch
[09七月2020 17:52:19.558] [main/INFO] [net.optifine.Log/]: [OptiFine] (Reflector) Field not present: net.minecraftforge.client.model.pipeline.LightUtil.itemConsumer
[09七月2020 17:52:19.564] [main/INFO] [net.optifine.Log/]: [OptiFine] (Reflector) Method not present: net.minecraftforge.client.model.pipeline.LightUtil.renderQuadColor
[09七月2020 17:52:19.564] [main/INFO] [net.optifine.Log/]: [OptiFine] (Reflector) Field not present: net.minecraftforge.client.model.pipeline.LightUtil.tessellator
[09七月2020 17:52:19.564] [main/INFO] [net.optifine.Log/]: [OptiFine] (Reflector) Class not present: net.minecraftforge.fml.common.Loader
[09七月2020 17:52:19.730] [main/INFO] [net.optifine.Log/]: [OptiFine] (Reflector) Constructor not present: net.minecraftforge.client.event.RenderItemInFrameEvent, params: class net.minecraft.entity.item.ItemFrameEntity, class net.minecraft.client.renderer.entity.ItemFrameRenderer
[09七月2020 17:52:19.742] [main/INFO] [net.optifine.Log/]: [OptiFine] (Reflector) Constructor not present: net.minecraftforge.client.event.RenderLivingEvent$Pre, params: class net.minecraft.entity.LivingEntity, class net.minecraft.client.renderer.entity.LivingRenderer, float, double, double, double
[09七月2020 17:52:19.747] [main/INFO] [net.optifine.Log/]: [OptiFine] (Reflector) Constructor not present: net.minecraftforge.client.event.RenderLivingEvent$Post, params: class net.minecraft.entity.LivingEntity, class net.minecraft.client.renderer.entity.LivingRenderer, float, double, double, double
[09七月2020 17:52:19.748] [main/INFO] [net.optifine.Log/]: [OptiFine] (Reflector) Class not present: net.minecraftforge.client.event.RenderLivingEvent$Specials$Pre
[09七月2020 17:52:19.748] [main/INFO] [net.optifine.Log/]: [OptiFine] (Reflector) Class not present: net.minecraftforge.client.event.RenderLivingEvent$Specials$Post
[09七月2020 17:52:19.794] [main/INFO] [net.optifine.Log/]: [OptiFine] (Reflector) Class not present: net.minecraftforge.fml.client.SplashProgress
[09七月2020 17:52:19.799] [main/INFO] [net.optifine.reflect.Reflector/]: [OptiFine] *** Reflector Vanilla ***
[09七月2020 17:52:19.921] [main/INFO] [net.optifine.Log/]: [OptiFine] (Reflector) Field not present: net.minecraft.client.renderer.entity.model.BoatModel.(type: class [Lnet.minecraft.client.renderer.model.ModelRenderer;, index: 1)
[09七月2020 17:52:19.925] [main/INFO] [net.optifine.Log/]: [OptiFine] (Reflector) Field not present: net.minecraft.client.renderer.entity.EnderCrystalRenderer.(type: class net.minecraft.client.renderer.entity.model.EntityModel, index: 0)
[09七月2020 17:52:19.925] [main/INFO] [net.optifine.Log/]: [OptiFine] (Reflector) Field not present: net.minecraft.client.renderer.entity.EnderCrystalRenderer.(type: class net.minecraft.client.renderer.entity.model.EntityModel, index: 1)
[09七月2020 17:52:19.927] [main/INFO] [net.optifine.Log/]: [OptiFine] (Reflector) Field not present: net.minecraft.client.renderer.entity.model.GhastModel.(type: class net.minecraft.client.renderer.model.ModelRenderer, index: 0)
[09七月2020 17:52:19.934] [main/INFO] [net.optifine.Log/]: [OptiFine] (Reflector) Field not present: net.minecraft.client.renderer.entity.model.IllagerModel.(type: class net.minecraft.client.renderer.model.ModelRenderer, index: 8)
[09七月2020 17:52:20.013] [main/INFO] [net.optifine.Log/]: [OptiFine] (Reflector) Field not present: net.minecraft.client.renderer.entity.model.PhantomModel.(type: class net.minecraft.client.renderer.model.ModelRenderer, index: 7)
[09七月2020 17:52:20.019] [main/INFO] [net.optifine.Log/]: [OptiFine] (Reflector) Field not present: net.minecraft.client.renderer.entity.model.SalmonModel.(type: class net.minecraft.client.renderer.model.ModelRenderer, index: 5)
[09七月2020 17:52:20.019] [main/INFO] [net.optifine.Log/]: [OptiFine] (Reflector) Field not present: net.minecraft.client.renderer.entity.model.SalmonModel.(type: class net.minecraft.client.renderer.model.ModelRenderer, index: 6)
[09七月2020 17:52:20.019] [main/INFO] [net.optifine.Log/]: [OptiFine] (Reflector) Field not present: net.minecraft.client.renderer.entity.model.SalmonModel.(type: class net.minecraft.client.renderer.model.ModelRenderer, index: 7)
[09七月2020 17:52:20.242] [Render thread/INFO] [net.minecraft.client.Minecraft/]: Setting user: 123
[09七月2020 17:52:20.741] [Render thread/INFO] [net.minecraft.client.Minecraft/]: Backend library: LWJGL version 3.2.2 build 10
[09七月2020 17:52:21.202] [Render thread/INFO] [net.optifine.Config/]: [OptiFine] 
[09七月2020 17:52:21.202] [Render thread/INFO] [net.optifine.Config/]: [OptiFine] OptiFine_1.15.2_HD_U_G1_pre10
[09七月2020 17:52:21.205] [Render thread/INFO] [net.optifine.Config/]: [OptiFine] Build: 20200327-015852
[09七月2020 17:52:21.206] [Render thread/INFO] [net.optifine.Config/]: [OptiFine] OS: Windows 10 (amd64) version 10.0
[09七月2020 17:52:21.206] [Render thread/INFO] [net.optifine.Config/]: [OptiFine] Java: 1.8.0_251, Oracle Corporation
[09七月2020 17:52:21.206] [Render thread/INFO] [net.optifine.Config/]: [OptiFine] VM: Java HotSpot(TM) 64-Bit Server VM (mixed mode), Oracle Corporation
[09七月2020 17:52:21.206] [Render thread/INFO] [net.optifine.Config/]: [OptiFine] LWJGL: 3.3.0 Win32 WGL EGL OSMesa VisualC DLL
[09七月2020 17:52:21.207] [Render thread/INFO] [net.optifine.Config/]: [OptiFine] OpenGL: GeForce GTX 1080/PCIe/SSE2, version 4.6.0 NVIDIA 445.87, NVIDIA Corporation
[09七月2020 17:52:21.212] [Render thread/INFO] [net.optifine.Config/]: [OptiFine] OpenGL Version: 4.6.0
[09七月2020 17:52:21.218] [Render thread/INFO] [net.optifine.Config/]: [OptiFine] Maximum texture size: 32768x32768
[09七月2020 17:52:21.221] [VersionCheck/INFO] [net.optifine.Config/]: [OptiFine] Checking for new version
[09七月2020 17:52:21.258] [Render thread/INFO] [net.optifine.shaders.SMCLog/]: [Shaders] OpenGL Version: 4.6.0 NVIDIA 445.87
[09七月2020 17:52:21.258] [Render thread/INFO] [net.optifine.shaders.SMCLog/]: [Shaders] Vendor:  NVIDIA Corporation
[09七月2020 17:52:21.258] [Render thread/INFO] [net.optifine.shaders.SMCLog/]: [Shaders] Renderer: GeForce GTX 1080/PCIe/SSE2
[09七月2020 17:52:21.259] [Render thread/INFO] [net.optifine.shaders.SMCLog/]: [Shaders] Capabilities:  2.0  2.1  3.0  3.2  4.0 
[09七月2020 17:52:21.259] [Render thread/INFO] [net.optifine.shaders.SMCLog/]: [Shaders] GL_MAX_DRAW_BUFFERS: 8
[09七月2020 17:52:21.259] [Render thread/INFO] [net.optifine.shaders.SMCLog/]: [Shaders] GL_MAX_COLOR_ATTACHMENTS_EXT: 8
[09七月2020 17:52:21.259] [Render thread/INFO] [net.optifine.shaders.SMCLog/]: [Shaders] GL_MAX_TEXTURE_IMAGE_UNITS: 32
[09七月2020 17:52:21.259] [Render thread/INFO] [net.optifine.shaders.SMCLog/]: [Shaders] Load shaders configuration.
[09七月2020 17:52:21.261] [Render thread/INFO] [net.optifine.shaders.SMCLog/]: [Shaders] Save shaders configuration.
[09七月2020 17:52:21.262] [Render thread/INFO] [net.optifine.shaders.SMCLog/]: [Shaders] No shaderpack loaded.
[09七月2020 17:52:21.727] [VersionCheck/INFO] [net.optifine.Config/]: [OptiFine] java.io.FileNotFoundException: http://optifine.net/version/1.15.2/HD_U.txt
[09七月2020 17:52:22.313] [Render thread/ERROR] [net.minecraftforge.fml.javafmlmod.FMLModContainer/LOADING]: Failed to load class atomicstryker.ruins.common.RuinsMod
java.lang.NoClassDefFoundError: Could not initialize class net.minecraft.util.registry.Registry
	at net.minecraft.entity.EntityType.func_200712_a(EntityType.java:264) ~[?:?]
	at net.minecraft.entity.EntityType.<clinit>(EntityType.java:140) ~[?:?]
	at net.minecraft.world.gen.feature.structure.PillagerOutpostStructure.<clinit>(SourceFile:22) ~[?:?]
	at net.minecraft.world.gen.feature.Feature.<clinit>(Feature.java:47) ~[?:?]
	at atomicstryker.ruins.common.RuinsMod.<clinit>(RuinsMod.java:89) ~[?:1.15.2.1]
	at java.lang.Class.forName0(Native Method) ~[?:1.8.0_251]
	at java.lang.Class.forName(Unknown Source) ~[?:1.8.0_251]
	at net.minecraftforge.fml.javafmlmod.FMLModContainer.<init>(FMLModContainer.java:71) ~[?:31.2]
	at sun.reflect.GeneratedConstructorAccessor21.newInstance(Unknown Source) ~[?:?]
	at sun.reflect.DelegatingConstructorAccessorImpl.newInstance(Unknown Source) ~[?:1.8.0_251]
	at java.lang.reflect.Constructor.newInstance(Unknown Source) ~[?:1.8.0_251]
	at net.minecraftforge.fml.javafmlmod.FMLJavaModLanguageProvider$FMLModTarget.loadMod(FMLJavaModLanguageProvider.java:73) ~[?:31.2]
	at net.minecraftforge.fml.ModLoader.buildModContainerFromTOML(ModLoader.java:251) ~[?:?]
	at net.minecraftforge.fml.ModLoader.lambda$buildMods$27(ModLoader.java:231) ~[?:?]
	at java.util.stream.ReferencePipeline$3$1.accept(Unknown Source) ~[?:1.8.0_251]
	at java.util.HashMap$EntrySpliterator.forEachRemaining(Unknown Source) ~[?:1.8.0_251]
	at java.util.stream.AbstractPipeline.copyInto(Unknown Source) ~[?:1.8.0_251]
	at java.util.stream.AbstractPipeline.wrapAndCopyInto(Unknown Source) ~[?:1.8.0_251]
	at java.util.stream.ReduceOps$ReduceOp.evaluateSequential(Unknown Source) ~[?:1.8.0_251]
	at java.util.stream.AbstractPipeline.evaluate(Unknown Source) ~[?:1.8.0_251]
	at java.util.stream.ReferencePipeline.collect(Unknown Source) ~[?:1.8.0_251]
	at net.minecraftforge.fml.ModLoader.buildMods(ModLoader.java:233) ~[?:?]
	at net.minecraftforge.fml.ModLoader.lambda$gatherAndInitializeMods$19(ModLoader.java:189) ~[?:?]
	at java.util.stream.ReferencePipeline$3$1.accept(Unknown Source) ~[?:1.8.0_251]
	at java.util.stream.ReferencePipeline$3$1.accept(Unknown Source) ~[?:1.8.0_251]
	at java.util.ArrayList$ArrayListSpliterator.forEachRemaining(Unknown Source) ~[?:1.8.0_251]
	at java.util.stream.AbstractPipeline.copyInto(Unknown Source) ~[?:1.8.0_251]
	at java.util.stream.AbstractPipeline.wrapAndCopyInto(Unknown Source) ~[?:1.8.0_251]
	at java.util.stream.ReduceOps$ReduceOp.evaluateSequential(Unknown Source) ~[?:1.8.0_251]
	at java.util.stream.AbstractPipeline.evaluate(Unknown Source) ~[?:1.8.0_251]
	at java.util.stream.ReferencePipeline.collect(Unknown Source) ~[?:1.8.0_251]
	at net.minecraftforge.fml.ModLoader.gatherAndInitializeMods(ModLoader.java:191) ~[?:?]
	at net.minecraftforge.fml.client.ClientModLoader.lambda$begin$2(ClientModLoader.java:97) ~[?:?]
	at net.minecraftforge.fml.client.ClientModLoader.lambda$createRunnableWithCatch$5(ClientModLoader.java:113) ~[?:?]
	at net.minecraftforge.fml.client.ClientModLoader.begin(ClientModLoader.java:97) ~[?:?]
	at net.minecraft.client.Minecraft.<init>(Minecraft.java:392) ~[?:?]
	at net.minecraft.client.main.Main.main(SourceFile:166) ~[1.15.2.jar:?]
	at sun.reflect.NativeMethodAccessorImpl.invoke0(Native Method) ~[?:1.8.0_251]
	at sun.reflect.NativeMethodAccessorImpl.invoke(Unknown Source) ~[?:1.8.0_251]
	at sun.reflect.DelegatingMethodAccessorImpl.invoke(Unknown Source) ~[?:1.8.0_251]
	at java.lang.reflect.Method.invoke(Unknown Source) ~[?:1.8.0_251]
	at net.minecraftforge.fml.loading.FMLClientLaunchProvider.lambda$launchService$0(FMLClientLaunchProvider.java:51) ~[forge-1.15.2-31.2.31.jar:31.2]
	at cpw.mods.modlauncher.LaunchServiceHandlerDecorator.launch(LaunchServiceHandlerDecorator.java:37) [modlauncher-5.1.0.jar:?]
	at cpw.mods.modlauncher.LaunchServiceHandler.launch(LaunchServiceHandler.java:54) [modlauncher-5.1.0.jar:?]
	at cpw.mods.modlauncher.LaunchServiceHandler.launch(LaunchServiceHandler.java:72) [modlauncher-5.1.0.jar:?]
	at cpw.mods.modlauncher.Launcher.run(Launcher.java:81) [modlauncher-5.1.0.jar:?]
	at cpw.mods.modlauncher.Launcher.main(Launcher.java:65) [modlauncher-5.1.0.jar:?]
[09七月2020 17:52:22.320] [Render thread/FATAL] [net.minecraftforge.fml.javafmlmod.FMLJavaModLanguageProvider/LOADING]: Unable to load FMLModContainer, wut?
java.lang.reflect.InvocationTargetException: null
	at sun.reflect.GeneratedConstructorAccessor21.newInstance(Unknown Source) ~[?:?]
	at sun.reflect.DelegatingConstructorAccessorImpl.newInstance(Unknown Source) ~[?:1.8.0_251]
	at java.lang.reflect.Constructor.newInstance(Unknown Source) ~[?:1.8.0_251]
	at net.minecraftforge.fml.javafmlmod.FMLJavaModLanguageProvider$FMLModTarget.loadMod(FMLJavaModLanguageProvider.java:73) ~[?:31.2]
	at net.minecraftforge.fml.ModLoader.buildModContainerFromTOML(ModLoader.java:251) ~[?:?]
	at net.minecraftforge.fml.ModLoader.lambda$buildMods$27(ModLoader.java:231) ~[?:?]
	at java.util.stream.ReferencePipeline$3$1.accept(Unknown Source) ~[?:1.8.0_251]
	at java.util.HashMap$EntrySpliterator.forEachRemaining(Unknown Source) ~[?:1.8.0_251]
	at java.util.stream.AbstractPipeline.copyInto(Unknown Source) ~[?:1.8.0_251]
	at java.util.stream.AbstractPipeline.wrapAndCopyInto(Unknown Source) ~[?:1.8.0_251]
	at java.util.stream.ReduceOps$ReduceOp.evaluateSequential(Unknown Source) ~[?:1.8.0_251]
	at java.util.stream.AbstractPipeline.evaluate(Unknown Source) ~[?:1.8.0_251]
	at java.util.stream.ReferencePipeline.collect(Unknown Source) ~[?:1.8.0_251]
	at net.minecraftforge.fml.ModLoader.buildMods(ModLoader.java:233) ~[?:?]
	at net.minecraftforge.fml.ModLoader.lambda$gatherAndInitializeMods$19(ModLoader.java:189) ~[?:?]
	at java.util.stream.ReferencePipeline$3$1.accept(Unknown Source) ~[?:1.8.0_251]
	at java.util.stream.ReferencePipeline$3$1.accept(Unknown Source) ~[?:1.8.0_251]
	at java.util.ArrayList$ArrayListSpliterator.forEachRemaining(Unknown Source) ~[?:1.8.0_251]
	at java.util.stream.AbstractPipeline.copyInto(Unknown Source) ~[?:1.8.0_251]
	at java.util.stream.AbstractPipeline.wrapAndCopyInto(Unknown Source) ~[?:1.8.0_251]
	at java.util.stream.ReduceOps$ReduceOp.evaluateSequential(Unknown Source) ~[?:1.8.0_251]
	at java.util.stream.AbstractPipeline.evaluate(Unknown Source) ~[?:1.8.0_251]
	at java.util.stream.ReferencePipeline.collect(Unknown Source) ~[?:1.8.0_251]
	at net.minecraftforge.fml.ModLoader.gatherAndInitializeMods(ModLoader.java:191) ~[?:?]
	at net.minecraftforge.fml.client.ClientModLoader.lambda$begin$2(ClientModLoader.java:97) ~[?:?]
	at net.minecraftforge.fml.client.ClientModLoader.lambda$createRunnableWithCatch$5(ClientModLoader.java:113) ~[?:?]
	at net.minecraftforge.fml.client.ClientModLoader.begin(ClientModLoader.java:97) ~[?:?]
	at net.minecraft.client.Minecraft.<init>(Minecraft.java:392) ~[?:?]
	at net.minecraft.client.main.Main.main(SourceFile:166) ~[1.15.2.jar:?]
	at sun.reflect.NativeMethodAccessorImpl.invoke0(Native Method) ~[?:1.8.0_251]
	at sun.reflect.NativeMethodAccessorImpl.invoke(Unknown Source) ~[?:1.8.0_251]
	at sun.reflect.DelegatingMethodAccessorImpl.invoke(Unknown Source) ~[?:1.8.0_251]
	at java.lang.reflect.Method.invoke(Unknown Source) ~[?:1.8.0_251]
	at net.minecraftforge.fml.loading.FMLClientLaunchProvider.lambda$launchService$0(FMLClientLaunchProvider.java:51) ~[forge-1.15.2-31.2.31.jar:31.2]
	at cpw.mods.modlauncher.LaunchServiceHandlerDecorator.launch(LaunchServiceHandlerDecorator.java:37) [modlauncher-5.1.0.jar:?]
	at cpw.mods.modlauncher.LaunchServiceHandler.launch(LaunchServiceHandler.java:54) [modlauncher-5.1.0.jar:?]
	at cpw.mods.modlauncher.LaunchServiceHandler.launch(LaunchServiceHandler.java:72) [modlauncher-5.1.0.jar:?]
	at cpw.mods.modlauncher.Launcher.run(Launcher.java:81) [modlauncher-5.1.0.jar:?]
	at cpw.mods.modlauncher.Launcher.main(Launcher.java:65) [modlauncher-5.1.0.jar:?]
Caused by: net.minecraftforge.fml.ModLoadingException: Ruins has class loading errors
§7Could not initialize class net.minecraft.util.registry.Registry
	at net.minecraftforge.fml.javafmlmod.FMLModContainer.<init>(FMLModContainer.java:77) ~[?:31.2]
	... 39 more
Caused by: java.lang.NoClassDefFoundError: Could not initialize class net.minecraft.util.registry.Registry
	at net.minecraft.entity.EntityType.func_200712_a(EntityType.java:264) ~[?:?]
	at net.minecraft.entity.EntityType.<clinit>(EntityType.java:140) ~[?:?]
	at net.minecraft.world.gen.feature.structure.PillagerOutpostStructure.<clinit>(SourceFile:22) ~[?:?]
	at net.minecraft.world.gen.feature.Feature.<clinit>(Feature.java:47) ~[?:?]
	at atomicstryker.ruins.common.RuinsMod.<clinit>(RuinsMod.java:89) ~[?:1.15.2.1]
	at java.lang.Class.forName0(Native Method) ~[?:1.8.0_251]
	at java.lang.Class.forName(Unknown Source) ~[?:1.8.0_251]
	at net.minecraftforge.fml.javafmlmod.FMLModContainer.<init>(FMLModContainer.java:71) ~[?:31.2]
	... 39 more
[09七月2020 17:52:22.343] [Render thread/INFO] [STDOUT/]: [net.minecraft.util.registry.Bootstrap:func_179870_a:103]: ---- Minecraft Crash Report ----
// I just don't know what went wrong :(

Time: 20-7-9 下午5:52
Description: Initializing game

java.lang.RuntimeException: java.lang.reflect.InvocationTargetException
	at net.minecraftforge.fml.javafmlmod.FMLJavaModLanguageProvider$FMLModTarget.loadMod(FMLJavaModLanguageProvider.java:78) ~[?:31.2] {re:classloading}
	at net.minecraftforge.fml.ModLoader.buildModContainerFromTOML(ModLoader.java:251) ~[?:?] {re:classloading}
	at net.minecraftforge.fml.ModLoader.lambda$buildMods$27(ModLoader.java:231) ~[?:?] {re:classloading}
	at java.util.stream.ReferencePipeline$3$1.accept(Unknown Source) ~[?:1.8.0_251] {}
	at java.util.HashMap$EntrySpliterator.forEachRemaining(Unknown Source) ~[?:1.8.0_251] {}
	at java.util.stream.AbstractPipeline.copyInto(Unknown Source) ~[?:1.8.0_251] {}
	at java.util.stream.AbstractPipeline.wrapAndCopyInto(Unknown Source) ~[?:1.8.0_251] {}
	at java.util.stream.ReduceOps$ReduceOp.evaluateSequential(Unknown Source) ~[?:1.8.0_251] {}
	at java.util.stream.AbstractPipeline.evaluate(Unknown Source) ~[?:1.8.0_251] {}
	at java.util.stream.ReferencePipeline.collect(Unknown Source) ~[?:1.8.0_251] {}
	at net.minecraftforge.fml.ModLoader.buildMods(ModLoader.java:233) ~[?:?] {re:classloading}
	at net.minecraftforge.fml.ModLoader.lambda$gatherAndInitializeMods$19(ModLoader.java:189) ~[?:?] {re:classloading}
	at java.util.stream.ReferencePipeline$3$1.accept(Unknown Source) ~[?:1.8.0_251] {}
	at java.util.stream.ReferencePipeline$3$1.accept(Unknown Source) ~[?:1.8.0_251] {}
	at java.util.ArrayList$ArrayListSpliterator.forEachRemaining(Unknown Source) ~[?:1.8.0_251] {}
	at java.util.stream.AbstractPipeline.copyInto(Unknown Source) ~[?:1.8.0_251] {}
	at java.util.stream.AbstractPipeline.wrapAndCopyInto(Unknown Source) ~[?:1.8.0_251] {}
	at java.util.stream.ReduceOps$ReduceOp.evaluateSequential(Unknown Source) ~[?:1.8.0_251] {}
	at java.util.stream.AbstractPipeline.evaluate(Unknown Source) ~[?:1.8.0_251] {}
	at java.util.stream.ReferencePipeline.collect(Unknown Source) ~[?:1.8.0_251] {}
	at net.minecraftforge.fml.ModLoader.gatherAndInitializeMods(ModLoader.java:191) ~[?:?] {re:classloading}
	at net.minecraftforge.fml.client.ClientModLoader.lambda$begin$2(ClientModLoader.java:97) ~[?:?] {re:classloading,pl:runtimedistcleaner:A}
	at net.minecraftforge.fml.client.ClientModLoader.lambda$createRunnableWithCatch$5(ClientModLoader.java:113) ~[?:?] {re:classloading,pl:runtimedistcleaner:A}
	at net.minecraftforge.fml.client.ClientModLoader.begin(ClientModLoader.java:97) ~[?:?] {re:classloading,pl:runtimedistcleaner:A}
	at net.minecraft.client.Minecraft.<init>(Minecraft.java:392) ~[?:?] {re:classloading,pl:accesstransformer:B,xf:fml:codechickenlib:IItemRenderer,pl:runtimedistcleaner:A}
	at net.minecraft.client.main.Main.main(SourceFile:166) ~[1.15.2.jar:?] {re:classloading}
	at sun.reflect.NativeMethodAccessorImpl.invoke0(Native Method) ~[?:1.8.0_251] {}
	at sun.reflect.NativeMethodAccessorImpl.invoke(Unknown Source) ~[?:1.8.0_251] {}
	at sun.reflect.DelegatingMethodAccessorImpl.invoke(Unknown Source) ~[?:1.8.0_251] {}
	at java.lang.reflect.Method.invoke(Unknown Source) ~[?:1.8.0_251] {}
	at net.minecraftforge.fml.loading.FMLClientLaunchProvider.lambda$launchService$0(FMLClientLaunchProvider.java:51) ~[forge-1.15.2-31.2.31.jar:31.2] {}
	at cpw.mods.modlauncher.LaunchServiceHandlerDecorator.launch(LaunchServiceHandlerDecorator.java:37) [modlauncher-5.1.0.jar:?] {}
	at cpw.mods.modlauncher.LaunchServiceHandler.launch(LaunchServiceHandler.java:54) [modlauncher-5.1.0.jar:?] {}
	at cpw.mods.modlauncher.LaunchServiceHandler.launch(LaunchServiceHandler.java:72) [modlauncher-5.1.0.jar:?] {}
	at cpw.mods.modlauncher.Launcher.run(Launcher.java:81) [modlauncher-5.1.0.jar:?] {}
	at cpw.mods.modlauncher.Launcher.main(Launcher.java:65) [modlauncher-5.1.0.jar:?] {}
Caused by: java.lang.reflect.InvocationTargetException
	at sun.reflect.GeneratedConstructorAccessor21.newInstance(Unknown Source) ~[?:?] {}
	at sun.reflect.DelegatingConstructorAccessorImpl.newInstance(Unknown Source) ~[?:1.8.0_251] {}
	at java.lang.reflect.Constructor.newInstance(Unknown Source) ~[?:1.8.0_251] {}
	at net.minecraftforge.fml.javafmlmod.FMLJavaModLanguageProvider$FMLModTarget.loadMod(FMLJavaModLanguageProvider.java:73) ~[?:31.2] {re:classloading}
	... 35 more
Caused by: net.minecraftforge.fml.ModLoadingException: Ruins has class loading errors
Could not initialize class net.minecraft.util.registry.Registry
	at net.minecraftforge.fml.javafmlmod.FMLModContainer.<init>(FMLModContainer.java:77) ~[?:31.2] {re:classloading}
	at sun.reflect.GeneratedConstructorAccessor21.newInstance(Unknown Source) ~[?:?] {}
	at sun.reflect.DelegatingConstructorAccessorImpl.newInstance(Unknown Source) ~[?:1.8.0_251] {}
	at java.lang.reflect.Constructor.newInstance(Unknown Source) ~[?:1.8.0_251] {}
	at net.minecraftforge.fml.javafmlmod.FMLJavaModLanguageProvider$FMLModTarget.loadMod(FMLJavaModLanguageProvider.java:73) ~[?:31.2] {re:classloading}
	... 35 more
Caused by: java.lang.NoClassDefFoundError: Could not initialize class net.minecraft.util.registry.Registry
	at net.minecraft.entity.EntityType.func_200712_a(EntityType.java:264) ~[?:?] {re:classloading}
	at net.minecraft.entity.EntityType.<clinit>(EntityType.java:140) ~[?:?] {re:classloading}
	at net.minecraft.world.gen.feature.structure.PillagerOutpostStructure.<clinit>(SourceFile:22) ~[?:?] {re:classloading}
	at net.minecraft.world.gen.feature.Feature.<clinit>(Feature.java:47) ~[?:?] {re:classloading}
	at atomicstryker.ruins.common.RuinsMod.<clinit>(RuinsMod.java:89) ~[?:1.15.2.1] {re:classloading}
	at java.lang.Class.forName0(Native Method) ~[?:1.8.0_251] {}
	at java.lang.Class.forName(Unknown Source) ~[?:1.8.0_251] {}
	at net.minecraftforge.fml.javafmlmod.FMLModContainer.<init>(FMLModContainer.java:71) ~[?:31.2] {re:classloading}
	at sun.reflect.GeneratedConstructorAccessor21.newInstance(Unknown Source) ~[?:?] {}
	at sun.reflect.DelegatingConstructorAccessorImpl.newInstance(Unknown Source) ~[?:1.8.0_251] {}
	at java.lang.reflect.Constructor.newInstance(Unknown Source) ~[?:1.8.0_251] {}
	at net.minecraftforge.fml.javafmlmod.FMLJavaModLanguageProvider$FMLModTarget.loadMod(FMLJavaModLanguageProvider.java:73) ~[?:31.2] {re:classloading}
	... 35 more


A detailed walkthrough of the error, its code path and all known details is as follows:
---------------------------------------------------------------------------------------

-- Head --
Thread: Render thread
Stacktrace:
	at net.minecraftforge.fml.javafmlmod.FMLJavaModLanguageProvider$FMLModTarget.loadMod(FMLJavaModLanguageProvider.java:78)
	at net.minecraftforge.fml.ModLoader.buildModContainerFromTOML(ModLoader.java:251)
	at net.minecraftforge.fml.ModLoader.lambda$buildMods$27(ModLoader.java:231)
	at java.util.stream.ReferencePipeline$3$1.accept(Unknown Source)
	at java.util.HashMap$EntrySpliterator.forEachRemaining(Unknown Source)
	at java.util.stream.AbstractPipeline.copyInto(Unknown Source)
	at java.util.stream.AbstractPipeline.wrapAndCopyInto(Unknown Source)
	at java.util.stream.ReduceOps$ReduceOp.evaluateSequential(Unknown Source)
	at java.util.stream.AbstractPipeline.evaluate(Unknown Source)
	at java.util.stream.ReferencePipeline.collect(Unknown Source)
	at net.minecraftforge.fml.ModLoader.buildMods(ModLoader.java:233)
	at net.minecraftforge.fml.ModLoader.lambda$gatherAndInitializeMods$19(ModLoader.java:189)
	at java.util.stream.ReferencePipeline$3$1.accept(Unknown Source)
	at java.util.stream.ReferencePipeline$3$1.accept(Unknown Source)
	at java.util.ArrayList$ArrayListSpliterator.forEachRemaining(Unknown Source)
	at java.util.stream.AbstractPipeline.copyInto(Unknown Source)
	at java.util.stream.AbstractPipeline.wrapAndCopyInto(Unknown Source)
	at java.util.stream.ReduceOps$ReduceOp.evaluateSequential(Unknown Source)
	at java.util.stream.AbstractPipeline.evaluate(Unknown Source)
	at java.util.stream.ReferencePipeline.collect(Unknown Source)
	at net.minecraftforge.fml.ModLoader.gatherAndInitializeMods(ModLoader.java:191)
	at net.minecraftforge.fml.client.ClientModLoader.lambda$begin$2(ClientModLoader.java:97)
	at net.minecraftforge.fml.client.ClientModLoader.lambda$createRunnableWithCatch$5(ClientModLoader.java:113)
	at net.minecraftforge.fml.client.ClientModLoader.begin(ClientModLoader.java:97)
	at net.minecraft.client.Minecraft.<init>(Minecraft.java:392)

-- Initialization --
Details:
Stacktrace:
	at net.minecraft.client.main.Main.main(SourceFile:166)
	at sun.reflect.NativeMethodAccessorImpl.invoke0(Native Method)
	at sun.reflect.NativeMethodAccessorImpl.invoke(Unknown Source)
	at sun.reflect.DelegatingMethodAccessorImpl.invoke(Unknown Source)
	at java.lang.reflect.Method.invoke(Unknown Source)
	at net.minecraftforge.fml.loading.FMLClientLaunchProvider.lambda$launchService$0(FMLClientLaunchProvider.java:51)
	at cpw.mods.modlauncher.LaunchServiceHandlerDecorator.launch(LaunchServiceHandlerDecorator.java:37)
	at cpw.mods.modlauncher.LaunchServiceHandler.launch(LaunchServiceHandler.java:54)
	at cpw.mods.modlauncher.LaunchServiceHandler.launch(LaunchServiceHandler.java:72)
	at cpw.mods.modlauncher.Launcher.run(Launcher.java:81)
	at cpw.mods.modlauncher.Launcher.main(Launcher.java:65)

-- System Details --
Details:
	Minecraft Version: 1.15.2
	Minecraft Version ID: 1.15.2
	Operating System: Windows 10 (amd64) version 10.0
	Java Version: 1.8.0_251, Oracle Corporation
	Java VM Version: Java HotSpot(TM) 64-Bit Server VM (mixed mode), Oracle Corporation
	Memory: 9606416912 bytes (9161 MB) / 10737418240 bytes (10240 MB) up to 10737418240 bytes (10240 MB)
	CPUs: 16
	JVM Flags: 11 total; -XX:+UnlockExperimentalVMOptions -XX:+UseG1GC -XX:G1NewSizePercent=20 -XX:G1ReservePercent=20 -XX:MaxGCPauseMillis=50 -XX:G1HeapRegionSize=16M -XX:-UseAdaptiveSizePolicy -XX:-OmitStackTraceInFastThrow -Xmn128m -Xmx10240m -XX:HeapDumpPath=MojangTricksIntelDriversForPerformance_javaw.exe_minecraft.exe.heapdump
	ModLauncher: 5.1.0+69+master.79f13f7
	ModLauncher launch target: fmlclient
	ModLauncher naming: srg
	ModLauncher services: 
		/eventbus-2.2.0-service.jar eventbus PLUGINSERVICE 
		/forge-1.15.2-31.2.31.jar object_holder_definalize PLUGINSERVICE 
		/forge-1.15.2-31.2.31.jar runtime_enum_extender PLUGINSERVICE 
		/accesstransformers-2.1.3-shadowed.jar accesstransformer PLUGINSERVICE 
		/forge-1.15.2-31.2.31.jar capability_inject_definalize PLUGINSERVICE 
		/forge-1.15.2-31.2.31.jar runtimedistcleaner PLUGINSERVICE 
		/OptiFine-1.15.2_HD_U_G1_pre10.jar OptiFine TRANSFORMATIONSERVICE 
		/forge-1.15.2-31.2.31.jar fml TRANSFORMATIONSERVICE 
	FML: 31.2
	Forge: net.minecraftforge:31.2.31
	FML Language Providers: 
		javafml@31.2
		minecraft@1
	Mod List: ~~ERROR~~ NullPointerException: null
	Launched Version: HMCL 3.3.172
	Backend library: LWJGL version 3.2.2 build 10
	Backend API: GeForce GTX 1080/PCIe/SSE2 GL version 4.6.0 NVIDIA 445.87, NVIDIA Corporation
	GL Caps: Using framebuffer using OpenGL 3.0
	Using VBOs: Yes
	Is Modded: Definitely; Client brand changed to 'forge'
	Type: Client (map_client.txt)
	CPU: 16x AMD Ryzen 7 2700X Eight-Core Processor 
	OptiFine Version: OptiFine_1.15.2_HD_U_G1_pre10
	OptiFine Build: 20200327-015852
	Render Distance Chunks: 8
	Mipmaps: 4
	Anisotropic Filtering: 1
	Antialiasing: 0
	Multitexture: false
	Shaders: null
	OpenGlVersion: 4.6.0 NVIDIA 445.87
	OpenGlRenderer: GeForce GTX 1080/PCIe/SSE2
	OpenGlVendor: NVIDIA Corporation
	CpuCount: 16
[09七月2020 17:52:22.348] [Render thread/INFO] [STDOUT/]: [net.minecraft.util.registry.Bootstrap:func_179870_a:103]: #@!@# Game crashed! Crash report saved to: #@!@# E:\STT工业整合验证客户端1.15.2-4.0.5023 Build-10230 forge1.16.1test\.minecraft\crash-reports\crash-2020-07-09_17.52.22-client.txt
